2024-07-03 22:08:31;DEBUG;Attempting to start Groovester!
2024-07-03 22:08:31;DEBUG;Using selector: EpollSelector
2024-07-03 22:08:31;INFO;logging in using static token
2024-07-03 22:08:32;INFO;Shard ID None has connected to Gateway (Session ID: 683212105cbdf7a65a02ff854e543df1).
2024-07-03 22:08:34;INFO;Groovester started Successfully!
2024-07-03 22:08:47;DEBUG;Message from camsterrrr: !help
2024-07-03 22:08:47;DEBUG;Message from Groovesterrrr#0306: Usage: '!play *YouTube URL*':	Groovester will download YouTube video and play it in a voice channel!
2024-07-03 22:17:06;DEBUG;Message from camsterrrr: !play
2024-07-03 22:17:06;ERROR;Ignoring exception in on_message
Traceback (most recent call last):
  File "/home/jbone/.local/lib/python3.10/site-packages/discord/client.py", line 449, in _run_event
    await coro(*args, **kwargs)
  File "/home/jbone/onedrive/projects/Groovester/src/Groovester.py", line 152, in on_message
    await message.channel.send(_helpPlayCommand)
TypeError: 'Message' object is not subscriptable
2024-07-03 22:17:46;DEBUG;Message from camsterrrr: !help
2024-07-03 22:17:47;DEBUG;Message from Groovesterrrr#0306: Usage: '!play *YouTube URL*':	Groovester will download YouTube video and play it in a voice channel!
2024-07-03 22:19:43;DEBUG;Message from camsterrrr: !play
2024-07-03 22:19:43;ERROR;Ignoring exception in on_message
Traceback (most recent call last):
  File "/home/jbone/.local/lib/python3.10/site-packages/discord/client.py", line 449, in _run_event
    await coro(*args, **kwargs)
  File "/home/jbone/onedrive/projects/Groovester/src/Groovester.py", line 152, in on_message
    #! Todo: Find API that can test if the URL is valid.
TypeError: 'Message' object is not subscriptable
2024-07-03 22:21:10;DEBUG;Message from camsterrrr: !play
2024-07-03 22:21:10;ERROR;Ignoring exception in on_message
Traceback (most recent call last):
  File "/home/jbone/.local/lib/python3.10/site-packages/discord/client.py", line 449, in _run_event
    await coro(*args, **kwargs)
  File "/home/jbone/onedrive/projects/Groovester/src/Groovester.py", line 152, in on_message
    #! Todo: Find API that can test if the URL is valid.
TypeError: 'Message' object is not subscriptable
2024-07-03 22:21:41;DEBUG;Message from camsterrrr: !play
2024-07-03 22:21:41;ERROR;Ignoring exception in on_message
Traceback (most recent call last):
  File "/home/jbone/.local/lib/python3.10/site-packages/discord/client.py", line 449, in _run_event
    await coro(*args, **kwargs)
  File "/home/jbone/onedrive/projects/Groovester/src/Groovester.py", line 152, in on_message
    #! Todo: Find API that can test if the URL is valid.
TypeError: 'Message' object is not subscriptable
2024-07-03 22:21:53;DEBUG;Message from camsterrrr: !play domain
2024-07-03 22:21:53;ERROR;Ignoring exception in on_message
Traceback (most recent call last):
  File "/home/jbone/.local/lib/python3.10/site-packages/discord/client.py", line 449, in _run_event
    await coro(*args, **kwargs)
  File "/home/jbone/onedrive/projects/Groovester/src/Groovester.py", line 152, in on_message
    #! Todo: Find API that can test if the URL is valid.
TypeError: 'Message' object is not subscriptable
2024-07-03 22:28:23;DEBUG;Attempting to start Groovester!
2024-07-03 22:28:23;DEBUG;Using selector: EpollSelector
2024-07-03 22:28:23;INFO;logging in using static token
2024-07-03 22:28:25;INFO;Shard ID None has connected to Gateway (Session ID: 203c205e7db5eae7b40502189c06210c).
2024-07-03 22:28:27;INFO;Groovester started Successfully!
2024-07-03 22:28:36;DEBUG;Message received from camsterrrr: !play
2024-07-03 22:28:36;DEBUG;Message received from Groovesterrrr#0306: Incorrect !play usage!
Usage:	 !play *URL to YouTube video*
2024-07-03 22:30:02;DEBUG;Message received from camsterrrr: !play
2024-07-03 22:30:02;DEBUG;Message received from Groovesterrrr#0306: Incorrect !play usage!
Usage:	 !play *URL to YouTube video*
2024-07-03 22:30:13;DEBUG;Message received from camsterrrr: !play adsf
2024-07-03 22:30:49;DEBUG;Message received from camsterrrr: !play asdfasdf
2024-07-03 22:30:57;DEBUG;Message received from camsterrrr: !help
2024-07-03 22:30:58;DEBUG;Message received from Groovesterrrr#0306: !play usage:	 !play *URL to YouTube URL*
	Groovester will download YouTube video and play it in a voice channel!
2024-07-03 22:31:43;DEBUG;Message received from camsterrrr: !play asdfasdfasdf
2024-07-03 22:31:55;DEBUG;Attempting to start Groovester!
2024-07-03 22:31:55;DEBUG;Using selector: EpollSelector
2024-07-03 22:31:55;INFO;logging in using static token
2024-07-03 22:31:56;INFO;Shard ID None has connected to Gateway (Session ID: aeee06d11bff4c6754d53cb7876c0150).
2024-07-03 22:31:58;INFO;Groovester started Successfully!
2024-07-03 22:32:17;DEBUG;Message received from camsterrrr: !play asdfasdfasdf
2024-07-07 05:35:44;DEBUG;Attempting to start Groovester!
2024-07-07 05:35:44;DEBUG;Using selector: EpollSelector
2024-07-07 05:35:44;INFO;logging in using static token
2024-07-07 05:35:45;INFO;Shard ID None has connected to Gateway (Session ID: 2b402adf06fb47f0dd4e52b2b73561e5).
2024-07-07 05:35:47;INFO;Groovester started Successfully!
2024-07-07 05:35:55;DEBUG;Message received from camsterrrr: !join
2024-07-07 05:35:55;ERROR;Ignoring exception in on_message
Traceback (most recent call last):
  File "/home/jbone/.local/lib/python3.10/site-packages/discord/client.py", line 449, in _run_event
    await coro(*args, **kwargs)
  File "/home/jbone/onedrive/projects/Groovester/src/Groovester.py", line 237, in on_message
    log.error("!join failed, " + message.author + " is not in a voice channel.")
TypeError: can only concatenate str (not "Member") to str
2024-07-07 05:36:25;DEBUG;Message received from camsterrrr: !join
2024-07-07 05:36:25;ERROR;PyNaCl library needed in order to use voice
2024-07-07 05:37:23;DEBUG;Message received from camsterrrr: !join
2024-07-07 05:37:23;ERROR;Ignoring exception in on_message
Traceback (most recent call last):
  File "/home/jbone/.local/lib/python3.10/site-packages/discord/client.py", line 449, in _run_event
    await coro(*args, **kwargs)
  File "/home/jbone/onedrive/projects/Groovester/src/Groovester.py", line 237, in on_message
    log.error("!join failed, author is not in a voice channel.")
TypeError: can only concatenate str (not "Member") to str
2024-07-07 05:37:42;DEBUG;Attempting to start Groovester!
2024-07-07 05:37:42;DEBUG;Using selector: EpollSelector
2024-07-07 05:37:42;INFO;logging in using static token
2024-07-07 05:37:43;INFO;Shard ID None has connected to Gateway (Session ID: 814c3d80837ef21c981ebd542fdbcac7).
2024-07-07 05:37:45;INFO;Groovester started Successfully!
2024-07-07 05:37:49;DEBUG;Message received from camsterrrr: !join
2024-07-07 05:37:49;ERROR;!join failed, author is not in a voice channel.
2024-07-07 05:37:49;ERROR;Ignoring exception in on_message
Traceback (most recent call last):
  File "/home/jbone/.local/lib/python3.10/site-packages/discord/client.py", line 449, in _run_event
    await coro(*args, **kwargs)
  File "/home/jbone/onedrive/projects/Groovester/src/Groovester.py", line 238, in on_message
    await ctx.send(_joinCommandNoActiveVoiceChannel)
NameError: name 'ctx' is not defined
2024-07-07 05:38:28;DEBUG;Message received from camsterrrr: !jjoin
2024-07-07 05:38:46;DEBUG;Attempting to start Groovester!
2024-07-07 05:38:46;DEBUG;Using selector: EpollSelector
2024-07-07 05:38:46;INFO;logging in using static token
2024-07-07 05:38:47;INFO;Shard ID None has connected to Gateway (Session ID: 03a3cff99265ac758ea93ebdc60e4a48).
2024-07-07 05:38:49;INFO;Groovester started Successfully!
2024-07-07 05:38:54;DEBUG;Message received from camsterrrr: !join
2024-07-07 05:38:54;ERROR;!join failed, author is not in a voice channel.
2024-07-07 05:38:54;DEBUG;Message received from Groovesterrrr#0306: Incorrect !join usage...
	You are not currently in a voice channel.
2024-07-07 05:39:05;DEBUG;Message received from camsterrrr: !join
2024-07-07 05:39:05;ERROR;PyNaCl library needed in order to use voice
2024-07-07 05:39:57;DEBUG;Attempting to start Groovester!
2024-07-07 05:39:57;DEBUG;Using selector: EpollSelector
2024-07-07 05:39:57;INFO;logging in using static token
2024-07-07 05:39:58;INFO;Shard ID None has connected to Gateway (Session ID: b5c28d8f7d7bf00becd78b367407f625).
2024-07-07 05:40:00;INFO;Groovester started Successfully!
2024-07-07 05:40:07;DEBUG;Message received from camsterrrr: !jjoin
2024-07-07 05:40:15;DEBUG;Message received from camsterrrr: !join
2024-07-07 05:40:15;ERROR;PyNaCl library needed in order to use voice
2024-07-07 05:40:33;DEBUG;Message received from camsterrrr: !help
2024-07-07 05:40:33;DEBUG;Message received from Groovesterrrr#0306: !play usage:	 !play *URL to YouTube URL*
	Groovester will download YouTube video and play it in a voice channel!
2024-07-07 05:40:33;DEBUG;Message received from Groovesterrrr#0306: Incorrect !play usage...
	Please enter a valid domain.
2024-07-07 05:41:13;DEBUG;Message received from camsterrrr: !join
2024-07-07 05:41:13;ERROR;!join failed, author is not in a voice channel.
2024-07-07 05:41:13;DEBUG;Message received from Groovesterrrr#0306: Incorrect !join usage...
	You are not currently in a voice channel.
2024-07-08 18:21:11;DEBUG;Attempting to start Groovester!
2024-07-08 18:21:11;DEBUG;Using selector: EpollSelector
2024-07-08 18:21:11;INFO;logging in using static token
2024-07-08 18:21:12;INFO;Shard ID None has connected to Gateway (Session ID: 4cd2c0e82aa24eba6356f170e80f8d68).
2024-07-08 18:21:14;INFO;Groovester started Successfully!
2024-07-08 18:22:01;DEBUG;Attempting to start Groovester!
2024-07-08 18:22:01;DEBUG;Using selector: EpollSelector
2024-07-08 18:22:01;INFO;logging in using static token
2024-07-08 18:22:02;INFO;Shard ID None has connected to Gateway (Session ID: 3bc50915a300048addb57a1a56ce830b).
2024-07-08 18:22:04;INFO;Groovester started Successfully!
2024-07-08 18:29:40;ERROR;Attempting a reconnect in 1.41s
Traceback (most recent call last):
  File "/home/jbone/.local/lib/python3.10/site-packages/discord/client.py", line 667, in connect
    await self.ws.poll_event()
  File "/home/jbone/.local/lib/python3.10/site-packages/discord/gateway.py", line 648, in poll_event
    raise ConnectionClosed(self.socket, shard_id=self.shard_id, code=code) from None
discord.errors.ConnectionClosed: Shard ID None WebSocket closed with 1000
2024-07-08 18:29:42;INFO;Shard ID None has successfully RESUMED session 3bc50915a300048addb57a1a56ce830b.
2024-07-08 19:04:11;ERROR;Attempting a reconnect in 1.17s
Traceback (most recent call last):
  File "/home/jbone/.local/lib/python3.10/site-packages/discord/client.py", line 667, in connect
    await self.ws.poll_event()
  File "/home/jbone/.local/lib/python3.10/site-packages/discord/gateway.py", line 648, in poll_event
    raise ConnectionClosed(self.socket, shard_id=self.shard_id, code=code) from None
discord.errors.ConnectionClosed: Shard ID None WebSocket closed with 1000
2024-07-08 19:04:13;INFO;Shard ID None session has been invalidated.
2024-07-08 19:04:18;INFO;Shard ID None has connected to Gateway (Session ID: e4915af7f7d0cf049139057de36fe6a2).
2024-07-08 19:04:20;INFO;Groovester started Successfully!
2024-07-09 02:22:38;INFO;Shard ID None has successfully RESUMED session e4915af7f7d0cf049139057de36fe6a2.
